<?xml version="1.0" encoding="UTF-8"?>
<coverage generated="1723495737">
  <project timestamp="1723495737">
    <package name="WilliamSampaio\SlimFlashMessages">
      <file name="/var/www/html/src/Flash.php">
        <class name="WilliamSampaio\SlimFlashMessages\Flash" namespace="WilliamSampaio\SlimFlashMessages">
          <metrics complexity="3" methods="2" coveredmethods="2" conditionals="0" coveredconditionals="0" statements="4" coveredstatements="4" elements="6" coveredelements="6"/>
        </class>
        <line num="11" type="method" name="__construct" visibility="public" complexity="1" crap="1" count="1"/>
        <line num="13" type="stmt" count="1"/>
        <line num="16" type="method" name="getInstance" visibility="public" complexity="2" crap="2" count="1"/>
        <line num="18" type="stmt" count="1"/>
        <line num="19" type="stmt" count="1"/>
        <line num="21" type="stmt" count="1"/>
        <metrics loc="24" ncloc="24" classes="1" methods="2" coveredmethods="2" conditionals="0" coveredconditionals="0" statements="4" coveredstatements="4" elements="6" coveredelements="6"/>
      </file>
      <file name="/var/www/html/src/FlashMiddleware.php">
        <class name="WilliamSampaio\SlimFlashMessages\FlashMiddleware" namespace="WilliamSampaio\SlimFlashMessages">
          <metrics complexity="7" methods="4" coveredmethods="4" conditionals="0" coveredconditionals="0" statements="19" coveredstatements="19" elements="23" coveredelements="23"/>
        </class>
        <line num="18" type="method" name="__construct" visibility="public" complexity="1" crap="1" count="3"/>
        <line num="21" type="stmt" count="3"/>
        <line num="30" type="method" name="createFromContainer" visibility="public" complexity="4" crap="4" count="4"/>
        <line num="34" type="stmt" count="4"/>
        <line num="36" type="stmt" count="4"/>
        <line num="37" type="stmt" count="1"/>
        <line num="40" type="stmt" count="3"/>
        <line num="41" type="stmt" count="1"/>
        <line num="42" type="stmt" count="1"/>
        <line num="43" type="stmt" count="1"/>
        <line num="46" type="stmt" count="2"/>
        <line num="48" type="stmt" count="2"/>
        <line num="49" type="stmt" count="1"/>
        <line num="50" type="stmt" count="1"/>
        <line num="51" type="stmt" count="1"/>
        <line num="54" type="stmt" count="1"/>
        <line num="62" type="method" name="create" visibility="public" complexity="1" crap="1" count="1"/>
        <line num="65" type="stmt" count="1"/>
        <line num="66" type="stmt" count="1"/>
        <line num="67" type="stmt" count="1"/>
        <line num="78" type="method" name="process" visibility="public" complexity="1" crap="1" count="1"/>
        <line num="82" type="stmt" count="1"/>
        <line num="83" type="stmt" count="1"/>
        <metrics loc="86" ncloc="67" classes="1" methods="4" coveredmethods="4" conditionals="0" coveredconditionals="0" statements="19" coveredstatements="19" elements="23" coveredelements="23"/>
      </file>
      <file name="/var/www/html/src/FlashProvider.php">
        <class name="WilliamSampaio\SlimFlashMessages\FlashProvider" namespace="WilliamSampaio\SlimFlashMessages">
          <metrics complexity="35" methods="10" coveredmethods="10" conditionals="0" coveredconditionals="0" statements="47" coveredstatements="47" elements="57" coveredelements="57"/>
        </class>
        <line num="26" type="method" name="__construct" visibility="public" complexity="8" crap="8" count="19"/>
        <line num="28" type="stmt" count="19"/>
        <line num="29" type="stmt" count="19"/>
        <line num="32" type="stmt" count="19"/>
        <line num="33" type="stmt" count="19"/>
        <line num="34" type="stmt" count="3"/>
        <line num="35" type="stmt" count="2"/>
        <line num="36" type="stmt" count="1"/>
        <line num="38" type="stmt" count="1"/>
        <line num="40" type="stmt" count="1"/>
        <line num="45" type="stmt" count="19"/>
        <line num="46" type="stmt" count="19"/>
        <line num="56" type="method" name="add" visibility="public" complexity="6" crap="6" count="11"/>
        <line num="58" type="stmt" count="11"/>
        <line num="59" type="stmt" count="1"/>
        <line num="62" type="stmt" count="10"/>
        <line num="63" type="stmt" count="1"/>
        <line num="67" type="stmt" count="9"/>
        <line num="68" type="stmt" count="9"/>
        <line num="72" type="stmt" count="9"/>
        <line num="80" type="method" name="getAll" visibility="public" complexity="1" crap="1" count="3"/>
        <line num="82" type="stmt" count="3"/>
        <line num="91" type="method" name="get" visibility="public" complexity="2" crap="2" count="1"/>
        <line num="93" type="stmt" count="1"/>
        <line num="94" type="stmt" count="1"/>
        <line num="105" type="method" name="getFirst" visibility="public" complexity="5" crap="5" count="2"/>
        <line num="108" type="stmt" count="2"/>
        <line num="109" type="stmt" count="2"/>
        <line num="110" type="stmt" count="2"/>
        <line num="112" type="stmt" count="2"/>
        <line num="113" type="stmt" count="1"/>
        <line num="115" type="stmt" count="1"/>
        <line num="117" type="stmt" count="1"/>
        <line num="128" type="method" name="getLast" visibility="public" complexity="5" crap="5" count="2"/>
        <line num="131" type="stmt" count="2"/>
        <line num="132" type="stmt" count="2"/>
        <line num="133" type="stmt" count="2"/>
        <line num="135" type="stmt" count="2"/>
        <line num="136" type="stmt" count="1"/>
        <line num="138" type="stmt" count="1"/>
        <line num="139" type="stmt" count="1"/>
        <line num="141" type="stmt" count="1"/>
        <line num="150" type="method" name="has" visibility="public" complexity="1" crap="1" count="1"/>
        <line num="152" type="stmt" count="1"/>
        <line num="160" type="method" name="clearAll" visibility="public" complexity="2" crap="2" count="1"/>
        <line num="162" type="stmt" count="1"/>
        <line num="163" type="stmt" count="1"/>
        <line num="173" type="method" name="clear" visibility="public" complexity="2" crap="2" count="1"/>
        <line num="175" type="stmt" count="1"/>
        <line num="176" type="stmt" count="1"/>
        <line num="185" type="method" name="fromRequest" visibility="public" complexity="3" crap="3" count="2"/>
        <line num="188" type="stmt" count="2"/>
        <line num="189" type="stmt" count="1"/>
        <line num="190" type="stmt" count="1"/>
        <line num="194" type="stmt" count="1"/>
        <line num="195" type="stmt" count="1"/>
        <line num="196" type="stmt" count="1"/>
        <metrics loc="199" ncloc="130" classes="1" methods="10" coveredmethods="10" conditionals="0" coveredconditionals="0" statements="47" coveredstatements="47" elements="57" coveredelements="57"/>
      </file>
      <file name="/var/www/html/src/FlashTwigExtension.php">
        <class name="WilliamSampaio\SlimFlashMessages\FlashTwigExtension" namespace="WilliamSampaio\SlimFlashMessages">
          <metrics complexity="13" methods="6" coveredmethods="5" conditionals="0" coveredconditionals="0" statements="35" coveredstatements="34" elements="41" coveredelements="39"/>
        </class>
        <line num="14" type="method" name="__construct" visibility="public" complexity="1" crap="1" count="7"/>
        <line num="16" type="stmt" count="7"/>
        <line num="25" type="method" name="createFromContainer" visibility="public" complexity="4" crap="4" count="4"/>
        <line num="29" type="stmt" count="4"/>
        <line num="31" type="stmt" count="4"/>
        <line num="32" type="stmt" count="1"/>
        <line num="35" type="stmt" count="3"/>
        <line num="36" type="stmt" count="1"/>
        <line num="37" type="stmt" count="1"/>
        <line num="38" type="stmt" count="1"/>
        <line num="41" type="stmt" count="2"/>
        <line num="43" type="stmt" count="2"/>
        <line num="44" type="stmt" count="1"/>
        <line num="45" type="stmt" count="1"/>
        <line num="46" type="stmt" count="1"/>
        <line num="49" type="stmt" count="1"/>
        <line num="52" type="method" name="get_messages" visibility="public" complexity="5" crap="5.02" count="2"/>
        <line num="54" type="stmt" count="2"/>
        <line num="55" type="stmt" count="1"/>
        <line num="56" type="stmt" count="1"/>
        <line num="57" type="stmt" count="1"/>
        <line num="59" type="stmt" count="1"/>
        <line num="62" type="stmt" count="1"/>
        <line num="63" type="stmt" count="1"/>
        <line num="64" type="stmt" count="0"/>
        <line num="66" type="stmt" count="1"/>
        <line num="67" type="stmt" count="1"/>
        <line num="69" type="stmt" count="1"/>
        <line num="72" type="method" name="get_first" visibility="public" complexity="1" crap="1" count="1"/>
        <line num="74" type="stmt" count="1"/>
        <line num="77" type="method" name="get_last" visibility="public" complexity="1" crap="1" count="1"/>
        <line num="79" type="stmt" count="1"/>
        <line num="82" type="method" name="getFunctions" visibility="public" complexity="1" crap="1" count="1"/>
        <line num="84" type="stmt" count="1"/>
        <line num="85" type="stmt" count="1"/>
        <line num="86" type="stmt" count="1"/>
        <line num="87" type="stmt" count="1"/>
        <line num="88" type="stmt" count="1"/>
        <line num="89" type="stmt" count="1"/>
        <line num="90" type="stmt" count="1"/>
        <line num="91" type="stmt" count="1"/>
        <metrics loc="94" ncloc="88" classes="1" methods="6" coveredmethods="5" conditionals="0" coveredconditionals="0" statements="35" coveredstatements="34" elements="41" coveredelements="39"/>
      </file>
    </package>
    <metrics files="4" loc="403" ncloc="309" classes="4" methods="22" coveredmethods="21" conditionals="0" coveredconditionals="0" statements="105" coveredstatements="104" elements="127" coveredelements="125"/>
  </project>
</coverage>
