<?xml version="1.0" encoding="UTF-8"?>
<coverage generated="1723597577">
  <project timestamp="1723597577">
    <package name="SlimFlashMessages">
      <file name="/var/www/html/src/Flash.php">
        <class name="SlimFlashMessages\Flash" namespace="SlimFlashMessages">
          <metrics complexity="5" methods="2" coveredmethods="2" conditionals="0" coveredconditionals="0" statements="6" coveredstatements="6" elements="8" coveredelements="8"/>
        </class>
        <line num="11" type="method" name="__construct" visibility="public" complexity="1" crap="1" count="1"/>
        <line num="13" type="stmt" count="1"/>
        <line num="16" type="method" name="getInstance" visibility="public" complexity="4" crap="4" count="2"/>
        <line num="18" type="stmt" count="2"/>
        <line num="19" type="stmt" count="1"/>
        <line num="22" type="stmt" count="2"/>
        <line num="23" type="stmt" count="1"/>
        <line num="25" type="stmt" count="2"/>
        <metrics loc="28" ncloc="28" classes="1" methods="2" coveredmethods="2" conditionals="0" coveredconditionals="0" statements="6" coveredstatements="6" elements="8" coveredelements="8"/>
      </file>
      <file name="/var/www/html/src/FlashMiddleware.php">
        <class name="SlimFlashMessages\FlashMiddleware" namespace="SlimFlashMessages">
          <metrics complexity="7" methods="4" coveredmethods="4" conditionals="0" coveredconditionals="0" statements="19" coveredstatements="19" elements="23" coveredelements="23"/>
        </class>
        <line num="18" type="method" name="__construct" visibility="public" complexity="1" crap="1" count="3"/>
        <line num="21" type="stmt" count="3"/>
        <line num="30" type="method" name="createFromContainer" visibility="public" complexity="4" crap="4" count="4"/>
        <line num="34" type="stmt" count="4"/>
        <line num="36" type="stmt" count="4"/>
        <line num="37" type="stmt" count="1"/>
        <line num="40" type="stmt" count="3"/>
        <line num="41" type="stmt" count="1"/>
        <line num="42" type="stmt" count="1"/>
        <line num="43" type="stmt" count="1"/>
        <line num="46" type="stmt" count="2"/>
        <line num="48" type="stmt" count="2"/>
        <line num="49" type="stmt" count="1"/>
        <line num="50" type="stmt" count="1"/>
        <line num="51" type="stmt" count="1"/>
        <line num="54" type="stmt" count="1"/>
        <line num="62" type="method" name="create" visibility="public" complexity="1" crap="1" count="1"/>
        <line num="65" type="stmt" count="1"/>
        <line num="66" type="stmt" count="1"/>
        <line num="67" type="stmt" count="1"/>
        <line num="78" type="method" name="process" visibility="public" complexity="1" crap="1" count="1"/>
        <line num="82" type="stmt" count="1"/>
        <line num="83" type="stmt" count="1"/>
        <metrics loc="86" ncloc="67" classes="1" methods="4" coveredmethods="4" conditionals="0" coveredconditionals="0" statements="19" coveredstatements="19" elements="23" coveredelements="23"/>
      </file>
      <file name="/var/www/html/src/FlashProvider.php">
        <class name="SlimFlashMessages\FlashProvider" namespace="SlimFlashMessages">
          <metrics complexity="37" methods="10" coveredmethods="10" conditionals="0" coveredconditionals="0" statements="52" coveredstatements="52" elements="62" coveredelements="62"/>
        </class>
        <line num="26" type="method" name="__construct" visibility="public" complexity="8" crap="8" count="19"/>
        <line num="28" type="stmt" count="19"/>
        <line num="29" type="stmt" count="19"/>
        <line num="32" type="stmt" count="19"/>
        <line num="33" type="stmt" count="19"/>
        <line num="34" type="stmt" count="3"/>
        <line num="35" type="stmt" count="2"/>
        <line num="36" type="stmt" count="1"/>
        <line num="38" type="stmt" count="1"/>
        <line num="40" type="stmt" count="1"/>
        <line num="45" type="stmt" count="19"/>
        <line num="46" type="stmt" count="19"/>
        <line num="50" type="method" name="add" visibility="public" complexity="6" crap="6" count="11"/>
        <line num="52" type="stmt" count="11"/>
        <line num="53" type="stmt" count="1"/>
        <line num="56" type="stmt" count="10"/>
        <line num="57" type="stmt" count="1"/>
        <line num="61" type="stmt" count="9"/>
        <line num="62" type="stmt" count="9"/>
        <line num="66" type="stmt" count="9"/>
        <line num="69" type="method" name="get" visibility="public" complexity="3" crap="3" count="3"/>
        <line num="71" type="stmt" count="3"/>
        <line num="72" type="stmt" count="2"/>
        <line num="75" type="stmt" count="1"/>
        <line num="76" type="stmt" count="1"/>
        <line num="79" type="stmt" count="1"/>
        <line num="87" type="method" name="getAll" visibility="public" complexity="1" crap="1" count="2"/>
        <line num="89" type="stmt" count="2"/>
        <line num="92" type="method" name="get_first" visibility="public" complexity="5" crap="5" count="2"/>
        <line num="95" type="stmt" count="2"/>
        <line num="96" type="stmt" count="2"/>
        <line num="97" type="stmt" count="2"/>
        <line num="99" type="stmt" count="2"/>
        <line num="100" type="stmt" count="1"/>
        <line num="102" type="stmt" count="1"/>
        <line num="104" type="stmt" count="1"/>
        <line num="107" type="method" name="get_last" visibility="public" complexity="5" crap="5" count="2"/>
        <line num="110" type="stmt" count="2"/>
        <line num="111" type="stmt" count="2"/>
        <line num="112" type="stmt" count="2"/>
        <line num="114" type="stmt" count="2"/>
        <line num="115" type="stmt" count="1"/>
        <line num="117" type="stmt" count="1"/>
        <line num="118" type="stmt" count="1"/>
        <line num="120" type="stmt" count="1"/>
        <line num="123" type="method" name="has" visibility="public" complexity="1" crap="1" count="1"/>
        <line num="125" type="stmt" count="1"/>
        <line num="128" type="method" name="clear" visibility="public" complexity="4" crap="4" count="2"/>
        <line num="130" type="stmt" count="2"/>
        <line num="131" type="stmt" count="1"/>
        <line num="132" type="stmt" count="1"/>
        <line num="135" type="stmt" count="1"/>
        <line num="136" type="stmt" count="1"/>
        <line num="146" type="method" name="clearAll" visibility="public" complexity="1" crap="1" count="1"/>
        <line num="148" type="stmt" count="1"/>
        <line num="156" type="method" name="fromRequest" visibility="public" complexity="3" crap="3" count="2"/>
        <line num="159" type="stmt" count="2"/>
        <line num="160" type="stmt" count="1"/>
        <line num="161" type="stmt" count="1"/>
        <line num="165" type="stmt" count="1"/>
        <line num="166" type="stmt" count="1"/>
        <line num="167" type="stmt" count="1"/>
        <metrics loc="170" ncloc="141" classes="1" methods="10" coveredmethods="10" conditionals="0" coveredconditionals="0" statements="52" coveredstatements="52" elements="62" coveredelements="62"/>
      </file>
      <file name="/var/www/html/src/FlashTwigExtension.php">
        <class name="SlimFlashMessages\FlashTwigExtension" namespace="SlimFlashMessages">
          <metrics complexity="13" methods="6" coveredmethods="6" conditionals="0" coveredconditionals="0" statements="34" coveredstatements="34" elements="40" coveredelements="40"/>
        </class>
        <line num="14" type="method" name="__construct" visibility="public" complexity="1" crap="1" count="8"/>
        <line num="16" type="stmt" count="8"/>
        <line num="25" type="method" name="createFromContainer" visibility="public" complexity="4" crap="4" count="4"/>
        <line num="29" type="stmt" count="4"/>
        <line num="31" type="stmt" count="4"/>
        <line num="32" type="stmt" count="1"/>
        <line num="35" type="stmt" count="3"/>
        <line num="36" type="stmt" count="1"/>
        <line num="37" type="stmt" count="1"/>
        <line num="38" type="stmt" count="1"/>
        <line num="41" type="stmt" count="2"/>
        <line num="43" type="stmt" count="2"/>
        <line num="44" type="stmt" count="1"/>
        <line num="45" type="stmt" count="1"/>
        <line num="46" type="stmt" count="1"/>
        <line num="49" type="stmt" count="1"/>
        <line num="52" type="method" name="get_messages" visibility="public" complexity="5" crap="5" count="3"/>
        <line num="54" type="stmt" count="3"/>
        <line num="55" type="stmt" count="1"/>
        <line num="56" type="stmt" count="1"/>
        <line num="57" type="stmt" count="1"/>
        <line num="59" type="stmt" count="1"/>
        <line num="62" type="stmt" count="2"/>
        <line num="63" type="stmt" count="2"/>
        <line num="64" type="stmt" count="1"/>
        <line num="66" type="stmt" count="1"/>
        <line num="67" type="stmt" count="1"/>
        <line num="69" type="stmt" count="1"/>
        <line num="72" type="method" name="get_first" visibility="public" complexity="1" crap="1" count="1"/>
        <line num="74" type="stmt" count="1"/>
        <line num="77" type="method" name="get_last" visibility="public" complexity="1" crap="1" count="1"/>
        <line num="79" type="stmt" count="1"/>
        <line num="82" type="method" name="getFunctions" visibility="public" complexity="1" crap="1" count="1"/>
        <line num="84" type="stmt" count="1"/>
        <line num="85" type="stmt" count="1"/>
        <line num="86" type="stmt" count="1"/>
        <line num="87" type="stmt" count="1"/>
        <line num="88" type="stmt" count="1"/>
        <line num="89" type="stmt" count="1"/>
        <line num="90" type="stmt" count="1"/>
        <metrics loc="93" ncloc="87" classes="1" methods="6" coveredmethods="6" conditionals="0" coveredconditionals="0" statements="34" coveredstatements="34" elements="40" coveredelements="40"/>
      </file>
    </package>
    <file name="/var/www/html/src/FlashProviderInterface.php">
      <metrics loc="60" ncloc="19" classes="0" methods="0" coveredmethods="0" conditionals="0" coveredconditionals="0" statements="0" coveredstatements="0" elements="0" coveredelements="0"/>
    </file>
    <metrics files="5" loc="437" ncloc="342" classes="4" methods="22" coveredmethods="22" conditionals="0" coveredconditionals="0" statements="111" coveredstatements="111" elements="133" coveredelements="133"/>
  </project>
</coverage>
